<?xml version="1.0" encoding="UTF-8"?>
<!-- Generated by org.testng.reporters.JUnitReportReporter -->
<testsuite skipped="0" hostname="home" name="com.wordpress.TestCases.VerifyWordPressLoginParameterized" tests="1" failures="0" timestamp="21 May 2018 16:10:15 GMT" time="14.290" errors="0">
  <testcase name="verifyValidLogin" time="14.290" classname="com.wordpress.TestCases.VerifyWordPressLoginParameterized"/>
</testsuite> <!-- com.wordpress.TestCases.VerifyWordPressLoginParameterized -->
