<?xml version="1.0" encoding="UTF-8"?>
<!-- Generated by org.testng.reporters.JUnitReportReporter -->
<testsuite skipped="0" hostname="home" name="crossBrowser.verifyTitle" tests="3" failures="0" timestamp="29 May 2018 10:42:46 GMT" time="863.599" errors="0">
  <testcase name="verifyPageTitle" time="263.774" classname="crossBrowser.verifyTitle"/>
  <testcase name="verifyPageTitle" time="536.908" classname="crossBrowser.verifyTitle"/>
  <testcase name="verifyPageTitle" time="62.917" classname="crossBrowser.verifyTitle"/>
</testsuite> <!-- crossBrowser.verifyTitle -->
