<?xml version="1.0" encoding="UTF-8"?>
<!-- Generated by org.testng.reporters.JUnitReportReporter -->
<testsuite skipped="0" hostname="home" name="objectRepositoryDemo.SeleniumChrome" tests="1" failures="0" timestamp="23 May 2018 18:12:52 GMT" time="29.688" errors="0">
  <testcase name="testChrome" time="29.688" classname="objectRepositoryDemo.SeleniumChrome"/>
</testsuite> <!-- objectRepositoryDemo.SeleniumChrome -->
