<?xml version="1.0" encoding="UTF-8"?>
<!-- Generated by org.testng.reporters.JUnitReportReporter -->
<testsuite skipped="0" hostname="home" name="testNGtest.TestFail3" tests="1" failures="0" timestamp="20 May 2018 07:27:21 GMT" time="0.020" errors="0">
  <testcase name="wordpress" time="0.020" classname="testNGtest.TestFail3"/>
</testsuite> <!-- testNGtest.TestFail3 -->
