<?xml version="1.0" encoding="UTF-8"?>
<!-- Generated by org.testng.reporters.JUnitReportReporter -->
<testsuite skipped="0" hostname="home" name="advancedReports.VerifyTitle" tests="1" failures="0" timestamp="24 May 2018 13:18:47 GMT" time="30.031" errors="0">
  <testcase name="title" time="30.031" classname="advancedReports.VerifyTitle"/>
</testsuite> <!-- advancedReports.VerifyTitle -->
