<?xml version="1.0" encoding="UTF-8"?>
<!-- Generated by org.testng.reporters.JUnitReportReporter -->
<testsuite skipped="0" hostname="home" name="testNGtest.TestFail1" tests="1" failures="0" timestamp="20 May 2018 07:26:48 GMT" time="0.032" errors="0">
  <testcase name="testFB" time="0.032" classname="testNGtest.TestFail1"/>
</testsuite> <!-- testNGtest.TestFail1 -->
