<?xml version="1.0" encoding="UTF-8"?>
<!-- Generated by org.testng.reporters.JUnitReportReporter -->
<testsuite skipped="0" hostname="home" name="miscellaneous.TestngXML_Demo2" tests="2" failures="0" timestamp="28 May 2018 13:08:00 GMT" time="0.044" errors="0">
  <testcase name="diplayResult" time="0.020" classname="miscellaneous.TestngXML_Demo2"/>
  <testcase name="diplayResult" time="0.024" classname="miscellaneous.TestngXML_Demo2"/>
</testsuite> <!-- miscellaneous.TestngXML_Demo2 -->
