<?xml version="1.0" encoding="UTF-8"?>
<!-- Generated by org.testng.reporters.JUnitReportReporter -->
<testsuite skipped="0" hostname="home" name="testNGDemo.TestFail1" tests="1" failures="0" timestamp="20 May 2018 06:36:22 GMT" time="0.042" errors="0">
  <testcase name="testFB" time="0.042" classname="testNGDemo.TestFail1"/>
</testsuite> <!-- testNGDemo.TestFail1 -->
