<?xml version="1.0" encoding="UTF-8"?>
<!-- Generated by org.testng.reporters.JUnitReportReporter -->
<testsuite skipped="0" hostname="home" name="baseClassDemo.WordLogin2" tests="2" failures="0" timestamp="24 May 2018 10:45:24 GMT" time="26.509" errors="0">
  <testcase name="loginData1" time="13.738" classname="baseClassDemo.WordLogin2"/>
  <testcase name="loginData2" time="12.771" classname="baseClassDemo.WordLogin2"/>
</testsuite> <!-- baseClassDemo.WordLogin2 -->
