<?xml version="1.0" encoding="UTF-8"?>
<!-- Generated by org.testng.reporters.JUnitReportReporter -->
<testsuite skipped="0" hostname="home" name="testNGDemo.ExpilcitWait" tests="1" failures="0" timestamp="10 May 2018 09:02:57 GMT" time="16.073" errors="0">
  <testcase name="OpenBrowser" time="16.073" classname="testNGDemo.ExpilcitWait"/>
</testsuite> <!-- testNGDemo.ExpilcitWait -->
