<?xml version="1.0" encoding="UTF-8"?>
<!-- Generated by org.testng.reporters.JUnitReportReporter -->
<testsuite skipped="0" hostname="home" name="testNGDemo.ScrollPage" tests="1" failures="0" timestamp="13 May 2018 04:22:42 GMT" time="26.504" errors="0">
  <testcase name="scrollDown" time="26.504" classname="testNGDemo.ScrollPage"/>
</testsuite> <!-- testNGDemo.ScrollPage -->
