<?xml version="1.0" encoding="UTF-8"?>
<!-- Generated by org.testng.reporters.JUnitReportReporter -->
<testsuite skipped="0" hostname="home" name="testNGDemo.TestFail2" tests="1" failures="0" timestamp="20 May 2018 06:36:34 GMT" time="0.030" errors="0">
  <testcase name="testTwitter" time="0.030" classname="testNGDemo.TestFail2"/>
</testsuite> <!-- testNGDemo.TestFail2 -->
