<?xml version="1.0" encoding="UTF-8"?>
<!-- Generated by org.testng.reporters.JUnitReportReporter -->
<testsuite skipped="0" hostname="home" name="objectRepositoryDemo.SeleniumChromeDynamic" tests="1" failures="0" timestamp="23 May 2018 18:46:19 GMT" time="41.904" errors="0">
  <testcase name="testChrome" time="41.904" classname="objectRepositoryDemo.SeleniumChromeDynamic"/>
</testsuite> <!-- objectRepositoryDemo.SeleniumChromeDynamic -->
