<?xml version="1.0" encoding="UTF-8"?>
<!-- Generated by org.testng.reporters.JUnitReportReporter -->
<testsuite skipped="0" hostname="home" name="baseClassDemo.WordPressLogin" tests="1" failures="0" timestamp="24 May 2018 10:37:09 GMT" time="16.317" errors="0">
  <testcase name="loginData" time="16.317" classname="baseClassDemo.WordPressLogin"/>
</testsuite> <!-- baseClassDemo.WordPressLogin -->
