<?xml version="1.0" encoding="UTF-8"?>
<!-- Generated by org.testng.reporters.JUnitReportReporter -->
<testsuite skipped="0" hostname="home" name="baseClassDemo.NormalClass" tests="1" failures="0" timestamp="24 May 2018 10:24:30 GMT" time="16.095" errors="0">
  <testcase name="loginOrange" time="16.095" classname="baseClassDemo.NormalClass"/>
</testsuite> <!-- baseClassDemo.NormalClass -->
