<?xml version="1.0" encoding="UTF-8"?>
<!-- Generated by org.testng.reporters.JUnitReportReporter -->
<testsuite skipped="0" hostname="home" name="com.wordpress.TestCases.VerifyLoginPageObject" tests="1" failures="0" timestamp="22 May 2018 07:15:13 GMT" time="31.902" errors="0">
  <testcase name="checkValidUser" time="31.902" classname="com.wordpress.TestCases.VerifyLoginPageObject"/>
</testsuite> <!-- com.wordpress.TestCases.VerifyLoginPageObject -->
