<?xml version="1.0" encoding="UTF-8"?>
<!-- Generated by org.testng.reporters.JUnitReportReporter -->
<testsuite skipped="0" hostname="home" name="miscellaneous.TestngXML_Demo" tests="1" failures="0" timestamp="28 May 2018 13:08:00 GMT" time="0.097" errors="0">
  <testcase name="diplayResult" time="0.097" classname="miscellaneous.TestngXML_Demo"/>
</testsuite> <!-- miscellaneous.TestngXML_Demo -->
