<?xml version="1.0" encoding="UTF-8"?>
<!-- Generated by org.testng.reporters.JUnitReportReporter -->
<testsuite skipped="0" hostname="home" name="testNGtest.TestFail2" tests="1" failures="0" timestamp="20 May 2018 07:26:48 GMT" time="0.006" errors="0">
  <testcase name="testTwitter" time="0.006" classname="testNGtest.TestFail2"/>
</testsuite> <!-- testNGtest.TestFail2 -->
