<?xml version="1.0" encoding="UTF-8"?>
<!-- Generated by org.testng.reporters.JUnitReportReporter -->
<testsuite skipped="0" hostname="home" name="com.wordpress.TestCases.VerifyWordPressLogin" tests="1" failures="0" timestamp="22 May 2018 05:56:25 GMT" time="14.262" errors="0">
  <testcase name="verifyValidLogin" time="14.262" classname="com.wordpress.TestCases.VerifyWordPressLogin"/>
</testsuite> <!-- com.wordpress.TestCases.VerifyWordPressLogin -->
