<?xml version="1.0" encoding="UTF-8"?>
<!-- Generated by org.testng.reporters.JUnitReportReporter -->
<testsuite skipped="0" hostname="home" name="baseClassDemo.WordLogin3" tests="2" failures="0" timestamp="24 May 2018 11:01:05 GMT" time="7.366" errors="0">
  <testcase name="loginData2" time="1.199" classname="baseClassDemo.WordLogin3"/>
  <testcase name="loginData1" time="6.167" classname="baseClassDemo.WordLogin3"/>
</testsuite> <!-- baseClassDemo.WordLogin3 -->
