<?xml version="1.0" encoding="UTF-8"?>
<!-- Generated by org.testng.reporters.JUnitReportReporter -->
<testsuite skipped="0" hostname="home" name="objectRepositoryDemo.TestSeleniumBlog" tests="1" failures="0" timestamp="23 May 2018 18:00:55 GMT" time="0.036" errors="0">
  <testcase name="testConfig" time="0.036" classname="objectRepositoryDemo.TestSeleniumBlog"/>
</testsuite> <!-- objectRepositoryDemo.TestSeleniumBlog -->
